INFO  2025-11-12 20:47:32,196 serena.cli:health_check:573 - Starting health check for project: /home/fabian/dev/scripts/alias-finder
INFO  2025-11-12 20:47:32,196 serena.cli:health_check:577 - Creating SerenaAgent with disabled dashboard...
INFO  2025-11-12 20:47:32,236 serena.agent:__init__:130 - Will record tool usage statistics with token count estimator: CHAR_COUNT.
INFO  2025-11-12 20:47:32,582 serena.agent:__init__:134 - Starting Serena server (version=0.1.4-f740b4d1-dirty, process id=58792, parent process id=58774)
INFO  2025-11-12 20:47:32,583 serena.agent:__init__:135 - Configuration file: None
INFO  2025-11-12 20:47:32,583 serena.agent:__init__:136 - Available projects: 
INFO  2025-11-12 20:47:32,584 serena.agent:__init__:137 - Loaded tools (38): read_file, create_text_file, list_dir, find_file, replace_regex, delete_lines, replace_lines, insert_at_line, search_for_pattern, restart_language_server, get_symbols_overview, find_symbol, find_referencing_symbols, replace_symbol_body, insert_after_symbol, insert_before_symbol, rename_symbol, write_memory, read_memory, list_memories, delete_memory, edit_memory, execute_shell_command, activate_project, remove_project, switch_modes, get_current_config, check_onboarding_performed, onboarding, think_about_collected_information, think_about_task_adherence, think_about_whether_you_are_done, summarize_changes, prepare_for_new_conversation, initial_instructions, jet_brains_find_symbol, jet_brains_find_referencing_symbols, jet_brains_get_symbols_overview
INFO  2025-11-12 20:47:32,584 serena.config.serena_config:apply:110 - SerenaAgentContext[name='desktop-app'] included 1 tools: switch_modes
INFO  2025-11-12 20:47:32,588 serena.agent:__init__:151 - Number of exposed tools: 29
INFO  2025-11-12 20:47:32,650 serena.agent:_update_active_tools:382 - Active tools (29): activate_project, check_onboarding_performed, create_text_file, delete_memory, edit_memory, execute_shell_command, find_file, find_referencing_symbols, find_symbol, get_current_config, get_symbols_overview, initial_instructions, insert_after_symbol, insert_before_symbol, list_dir, list_memories, onboarding, prepare_for_new_conversation, read_file, read_memory, rename_symbol, replace_regex, replace_symbol_body, search_for_pattern, switch_modes, think_about_collected_information, think_about_task_adherence, think_about_whether_you_are_done, write_memory
INFO  2025-11-12 20:47:32,663 serena.util.file_system:start:360 - Loading of .gitignore files starting ...
INFO  2025-11-12 20:47:32,664 serena.util.file_system:_load_gitignore_files:148 - Processing .gitignore file: /home/fabian/dev/scripts/alias-finder/.serena/.gitignore
INFO  2025-11-12 20:47:32,665 serena.util.file_system:stop:367 - Loading of .gitignore files completed in 0.002 seconds
INFO  2025-11-12 20:47:32,666 serena.agent:load_project_from_path_or_name:449 - Added new project alias-finder for path /home/fabian/dev/scripts/alias-finder
INFO  2025-11-12 20:47:32,666 serena.agent:_activate_project:419 - Activating alias-finder at /home/fabian/dev/scripts/alias-finder
INFO  2025-11-12 20:47:32,667 serena.agent:_update_active_tools:382 - Active tools (29): activate_project, check_onboarding_performed, create_text_file, delete_memory, edit_memory, execute_shell_command, find_file, find_referencing_symbols, find_symbol, get_current_config, get_symbols_overview, initial_instructions, insert_after_symbol, insert_before_symbol, list_dir, list_memories, onboarding, prepare_for_new_conversation, read_file, read_memory, rename_symbol, replace_regex, replace_symbol_body, search_for_pattern, switch_modes, think_about_collected_information, think_about_task_adherence, think_about_whether_you_are_done, write_memory
INFO  2025-11-12 20:47:32,668 serena.task_executor:issue_task:192 - Scheduling Task-1:init_language_server_manager
INFO  2025-11-12 20:47:32,668 serena.cli:health_check:580 - SerenaAgent created successfully
INFO  2025-11-12 20:47:32,668 serena.cli:health_check:583 - Searching for analyzable files...
INFO  2025-11-12 20:47:32,670 serena.cli:health_check:592 - Found analyzable file: alias-finder.sh
INFO  2025-11-12 20:47:32,670 serena.cli:health_check:610 - Testing GetSymbolsOverviewTool on file: alias-finder.sh
INFO  2025-11-12 20:47:32,670 serena.task_executor:issue_task:192 - Scheduling Task-2:<lambda>
INFO  2025-11-12 20:47:32,690 serena.task_executor:_process_task_queue:123 - Starting execution of Task-1:init_language_server_manager
INFO  2025-11-12 20:47:32,691 serena.task_executor:start:360 - Task-1:init_language_server_manager starting ...
INFO  2025-11-12 20:47:32,691 serena.agent:start:360 - Language server initialization starting ...
INFO  2025-11-12 20:47:32,692 serena.project:create_language_server_manager:384 - Creating language server manager for /home/fabian/dev/scripts/alias-finder
INFO  2025-11-12 20:47:32,693 sensai.util.logging:start:360 - Language server startup (language=bash) starting ...
INFO  2025-11-12 20:47:32,693 serena.ls_manager:create_language_server:44 - Creating language server instance for /home/fabian/dev/scripts/alias-finder, language=bash.
INFO  2025-11-12 20:47:32,950 solidlsp:start:1689 - Starting language server with language bash for /home/fabian/dev/scripts/alias-finder
INFO  2025-11-12 20:47:32,951 solidlsp:_start_server:164 - Starting Bash server process
INFO  2025-11-12 20:47:32,951 solidlsp.ls_handler:start:193 - Starting language server process via command: /home/fabian/.serena/language_servers/static/BashLanguageServer/bash-lsp/node_modules/.bin/bash-language-server start
INFO  2025-11-12 20:47:32,953 solidlsp:_start_server:168 - Sending initialize request from LSP client to LSP server and awaiting response
INFO  2025-11-12 20:47:41,114 solidlsp:_start_server:181 - Bash server supports document symbols
INFO  2025-11-12 20:47:41,114 solidlsp:_start_server:188 - Waiting for Bash language server to be ready...
INFO  2025-11-12 20:47:41,127 solidlsp:window_log_message:150 - LSP: window/logMessage: {"type": 3, "message": "19:47:41.116 INFO BackgroundAnalysis: resolving glob "**/*@(.sh|.inc|.bash|.command)" inside "file:///home/fabian/dev/scripts/alias-finder"..."}
INFO  2025-11-12 20:47:41,137 solidlsp:window_log_message:150 - LSP: window/logMessage: {"type": 3, "message": "19:47:41.136 INFO BackgroundAnalysis: Glob resolved with 1 files after 0.02 seconds"}
INFO  2025-11-12 20:47:41,167 solidlsp:window_log_message:150 - LSP: window/logMessage: {"type": 3, "message": "19:47:41.166 INFO BackgroundAnalysis: Completed after 0.05 seconds."}
WARNING 2025-11-12 20:47:44,117 solidlsp:_start_server:191 - Timeout waiting for bash server ready signal, proceeding anyway
INFO  2025-11-12 20:47:44,118 sensai.util.logging:stop:367 - Language server startup (language=bash) completed in 11.425 seconds
INFO  2025-11-12 20:47:44,119 serena.agent:stop:367 - Language server initialization completed in 11.427 seconds
INFO  2025-11-12 20:47:44,120 serena.task_executor:stop:367 - Task-1:init_language_server_manager completed in 11.429 seconds
INFO  2025-11-12 20:47:44,120 serena.task_executor:_process_task_queue:123 - Starting execution of Task-2:<lambda>
INFO  2025-11-12 20:47:44,123 serena.task_executor:start:360 - Task-2:<lambda> starting ...
INFO  2025-11-12 20:47:44,194 solidlsp:request_document_symbols:225 - LSP function detection for alias-finder.sh: Found 2 functions
INFO  2025-11-12 20:47:44,196 serena.task_executor:stop:367 - Task-2:<lambda> completed in 0.073 seconds
INFO  2025-11-12 20:47:44,197 serena.cli:health_check:613 - GetSymbolsOverviewTool returned 23 symbols
INFO  2025-11-12 20:47:44,200 serena.cli:health_check:638 - Using symbol for testing: alias-finder (kind: 12)
INFO  2025-11-12 20:47:44,201 serena.cli:health_check:641 - Testing FindSymbolTool for symbol: alias-finder
INFO  2025-11-12 20:47:44,202 serena.task_executor:issue_task:192 - Scheduling Task-3:<lambda>
INFO  2025-11-12 20:47:44,298 serena.task_executor:_process_task_queue:123 - Starting execution of Task-3:<lambda>
INFO  2025-11-12 20:47:44,300 serena.task_executor:start:360 - Task-3:<lambda> starting ...
INFO  2025-11-12 20:47:44,379 solidlsp:request_document_symbols:225 - LSP function detection for alias-finder.sh: Found 2 functions
INFO  2025-11-12 20:47:44,382 serena.task_executor:stop:367 - Task-3:<lambda> completed in 0.082 seconds
INFO  2025-11-12 20:47:44,383 serena.cli:health_check:646 - FindSymbolTool found 1 matches for symbol alias-finder
INFO  2025-11-12 20:47:44,388 serena.cli:health_check:649 - Testing FindReferencingSymbolsTool for symbol: alias-finder
INFO  2025-11-12 20:47:44,389 serena.task_executor:issue_task:192 - Scheduling Task-4:<lambda>
INFO  2025-11-12 20:47:44,485 serena.task_executor:_process_task_queue:123 - Starting execution of Task-4:<lambda>
INFO  2025-11-12 20:47:44,486 serena.task_executor:start:360 - Task-4:<lambda> starting ...
INFO  2025-11-12 20:47:44,490 solidlsp:request_document_symbols:225 - LSP function detection for alias-finder.sh: Found 2 functions
INFO  2025-11-12 20:47:45,214 solidlsp:window_log_message:150 - LSP: window/logMessage: {"type": 2, "message": "19:47:45.209 WARNING ⛔️ ShellCheck: disabling linting as no executable was found at path "shellcheck""}
INFO  2025-11-12 20:47:46,521 solidlsp:request_document_symbols:225 - LSP function detection for alias-finder.sh: Found 2 functions
INFO  2025-11-12 20:47:46,525 serena.task_executor:stop:367 - Task-4:<lambda> completed in 2.039 seconds
INFO  2025-11-12 20:47:46,527 serena.cli:health_check:653 - FindReferencingSymbolsTool found 1 references for symbol alias-finder
INFO  2025-11-12 20:47:46,529 serena.cli:health_check:659 - Testing SearchForPatternTool for pattern: alias-finder
INFO  2025-11-12 20:47:46,530 serena.task_executor:issue_task:192 - Scheduling Task-5:<lambda>
INFO  2025-11-12 20:47:46,626 serena.task_executor:_process_task_queue:123 - Starting execution of Task-5:<lambda>
INFO  2025-11-12 20:47:46,627 serena.task_executor:start:360 - Task-5:<lambda> starting ...
INFO  2025-11-12 20:47:46,631 serena.text_utils:search_files:365 - Processing 1 files.
INFO  2025-11-12 20:47:46,683 serena.text_utils:search_files:406 - Found 4 total matches across 1 files
INFO  2025-11-12 20:47:46,685 serena.task_executor:stop:367 - Task-5:<lambda> completed in 0.057 seconds
INFO  2025-11-12 20:47:46,687 serena.cli:health_check:666 - SearchForPatternTool found 4 pattern matches for alias-finder
INFO  2025-11-12 20:47:46,690 serena.cli:health_check:680 - Health check completed successfully
